<?xml version="1.0" encoding="UTF-8"?>
<!-- Generated by org.testng.reporters.JUnitXMLReporter -->
<testsuite ignored="0" hostname="LAPTOP-JK0MPD96" failures="4" tests="4" name="Test" time="4.878" errors="0" timestamp="2023-02-24T10:52:03 IST">
  <testcase classname="DataProviderPrac.FBRegistrationPage" name="verifyFbRegistrationPage" time="1.279">
    <failure type="org.openqa.selenium.SessionNotCreatedException" message="session not created: This version of ChromeDriver only supports Chrome version 108
Current browser version is 110.0.5481.104 with binary path C:\Program Files (x86)\Google\Chrome\Application\chrome.exe
Build info: version: &amp;apos;3.141.59&amp;apos;, revision: &amp;apos;e82be7d358&amp;apos;, time: &amp;apos;2018-11-14T08:17:03&amp;apos;
System info: host: &amp;apos;LAPTOP-JK0MPD96&amp;apos;, ip: &amp;apos;192.168.43.14&amp;apos;, os.name: &amp;apos;Windows 10&amp;apos;, os.arch: &amp;apos;amd64&amp;apos;, os.version: &amp;apos;10.0&amp;apos;, java.version: &amp;apos;17.0.5&amp;apos;
Driver info: driver.version: ChromeDriver
remote stacktrace: Backtrace:
	(No symbol) [0x010AF243]
	(No symbol) [0x01037FD1]
	(No symbol) [0x00F2D04D]
	(No symbol) [0x00F4F6B4]
	(No symbol) [0x00F4A97C]
	(No symbol) [0x00F482E9]
	(No symbol) [0x00F7F056]
	(No symbol) [0x00F7EB2A]
	(No symbol) [0x00F78386]
	(No symbol) [0x00F5163C]
	(No symbol) [0x00F5269D]
	GetHandleVerifier [0x01349A22+2655074]
	GetHandleVerifier [0x0133CA24+2601828]
	GetHandleVerifier [0x01158C0A+619850]
	GetHandleVerifier [0x01157830+614768]
	(No symbol) [0x010405FC]
	(No symbol) [0x01045968]
	(No symbol) [0x01045A55]
	(No symbol) [0x0105051B]
	BaseThreadInitThunk [0x7715FA29+25]
	RtlGetAppContainerNamedObjectPath [0x77667A9E+286]
	RtlGetAppContainerNamedObjectPath [0x77667A6E+238]
">
      <![CDATA[org.openqa.selenium.SessionNotCreatedException: session not created: This version of ChromeDriver only supports Chrome version 108
Current browser version is 110.0.5481.104 with binary path C:\Program Files (x86)\Google\Chrome\Application\chrome.exe
Build info: version: '3.141.59', revision: 'e82be7d358', time: '2018-11-14T08:17:03'
System info: host: 'LAPTOP-JK0MPD96', ip: '192.168.43.14', os.name: 'Windows 10', os.arch: 'amd64', os.version: '10.0', java.version: '17.0.5'
Driver info: driver.version: ChromeDriver
remote stacktrace: Backtrace:
(No symbol) [0x010AF243]
(No symbol) [0x01037FD1]
(No symbol) [0x00F2D04D]
(No symbol) [0x00F4F6B4]
(No symbol) [0x00F4A97C]
(No symbol) [0x00F482E9]
(No symbol) [0x00F7F056]
(No symbol) [0x00F7EB2A]
(No symbol) [0x00F78386]
(No symbol) [0x00F5163C]
(No symbol) [0x00F5269D]
GetHandleVerifier [0x01349A22+2655074]
GetHandleVerifier [0x0133CA24+2601828]
GetHandleVerifier [0x01158C0A+619850]
GetHandleVerifier [0x01157830+614768]
(No symbol) [0x010405FC]
(No symbol) [0x01045968]
(No symbol) [0x01045A55]
(No symbol) [0x0105051B]
BaseThreadInitThunk [0x7715FA29+25]
RtlGetAppContainerNamedObjectPath [0x77667A9E+286]
RtlGetAppContainerNamedObjectPath [0x77667A6E+238]

at org.openqa.selenium.remote.W3CHandshakeResponse.lambda$errorHandler$0(W3CHandshakeResponse.java:62)
at org.openqa.selenium.remote.HandshakeResponse.lambda$getResponseFunction$0(HandshakeResponse.java:30)
at org.openqa.selenium.remote.ProtocolHandshake.lambda$createSession$0(ProtocolHandshake.java:126)
at java.base/java.util.stream.ReferencePipeline$3$1.accept(ReferencePipeline.java:197)
at java.base/java.util.Spliterators$ArraySpliterator.tryAdvance(Spliterators.java:1002)
at java.base/java.util.stream.ReferencePipeline.forEachWithCancel(ReferencePipeline.java:129)
at java.base/java.util.stream.AbstractPipeline.copyIntoWithCancel(AbstractPipeline.java:527)
at java.base/java.util.stream.AbstractPipeline.copyInto(AbstractPipeline.java:513)
at java.base/java.util.stream.AbstractPipeline.wrapAndCopyInto(AbstractPipeline.java:499)
at java.base/java.util.stream.FindOps$FindOp.evaluateSequential(FindOps.java:150)
at java.base/java.util.stream.AbstractPipeline.evaluate(AbstractPipeline.java:234)
at java.base/java.util.stream.ReferencePipeline.findFirst(ReferencePipeline.java:647)
at org.openqa.selenium.remote.ProtocolHandshake.createSession(ProtocolHandshake.java:128)
at org.openqa.selenium.remote.ProtocolHandshake.createSession(ProtocolHandshake.java:74)
at org.openqa.selenium.remote.HttpCommandExecutor.execute(HttpCommandExecutor.java:136)
at org.openqa.selenium.remote.service.DriverCommandExecutor.execute(DriverCommandExecutor.java:83)
at org.openqa.selenium.remote.RemoteWebDriver.execute(RemoteWebDriver.java:552)
at org.openqa.selenium.remote.RemoteWebDriver.startSession(RemoteWebDriver.java:213)
at org.openqa.selenium.remote.RemoteWebDriver.<init>(RemoteWebDriver.java:131)
at org.openqa.selenium.chrome.ChromeDriver.<init>(ChromeDriver.java:181)
at org.openqa.selenium.chrome.ChromeDriver.<init>(ChromeDriver.java:168)
at org.openqa.selenium.chrome.ChromeDriver.<init>(ChromeDriver.java:123)
at DataProviderPrac.FBRegistrationPage.verifyFbRegistrationPage(FBRegistrationPage.java:41)
at java.base/java.util.ArrayList.forEach(ArrayList.java:1511)
... Removed 32 stack frames]]>
    </failure>
  </testcase> <!-- verifyFbRegistrationPage -->
  <testcase classname="DataProviderPrac.FBRegistrationPage" name="verifyFbRegistrationPage" time="0.706">
    <failure type="org.openqa.selenium.SessionNotCreatedException" message="session not created: This version of ChromeDriver only supports Chrome version 108
Current browser version is 110.0.5481.104 with binary path C:\Program Files (x86)\Google\Chrome\Application\chrome.exe
Build info: version: &amp;apos;3.141.59&amp;apos;, revision: &amp;apos;e82be7d358&amp;apos;, time: &amp;apos;2018-11-14T08:17:03&amp;apos;
System info: host: &amp;apos;LAPTOP-JK0MPD96&amp;apos;, ip: &amp;apos;192.168.43.14&amp;apos;, os.name: &amp;apos;Windows 10&amp;apos;, os.arch: &amp;apos;amd64&amp;apos;, os.version: &amp;apos;10.0&amp;apos;, java.version: &amp;apos;17.0.5&amp;apos;
Driver info: driver.version: ChromeDriver
remote stacktrace: Backtrace:
	(No symbol) [0x010AF243]
	(No symbol) [0x01037FD1]
	(No symbol) [0x00F2D04D]
	(No symbol) [0x00F4F6B4]
	(No symbol) [0x00F4A97C]
	(No symbol) [0x00F482E9]
	(No symbol) [0x00F7F056]
	(No symbol) [0x00F7EB2A]
	(No symbol) [0x00F78386]
	(No symbol) [0x00F5163C]
	(No symbol) [0x00F5269D]
	GetHandleVerifier [0x01349A22+2655074]
	GetHandleVerifier [0x0133CA24+2601828]
	GetHandleVerifier [0x01158C0A+619850]
	GetHandleVerifier [0x01157830+614768]
	(No symbol) [0x010405FC]
	(No symbol) [0x01045968]
	(No symbol) [0x01045A55]
	(No symbol) [0x0105051B]
	BaseThreadInitThunk [0x7715FA29+25]
	RtlGetAppContainerNamedObjectPath [0x77667A9E+286]
	RtlGetAppContainerNamedObjectPath [0x77667A6E+238]
">
      <![CDATA[org.openqa.selenium.SessionNotCreatedException: session not created: This version of ChromeDriver only supports Chrome version 108
Current browser version is 110.0.5481.104 with binary path C:\Program Files (x86)\Google\Chrome\Application\chrome.exe
Build info: version: '3.141.59', revision: 'e82be7d358', time: '2018-11-14T08:17:03'
System info: host: 'LAPTOP-JK0MPD96', ip: '192.168.43.14', os.name: 'Windows 10', os.arch: 'amd64', os.version: '10.0', java.version: '17.0.5'
Driver info: driver.version: ChromeDriver
remote stacktrace: Backtrace:
(No symbol) [0x010AF243]
(No symbol) [0x01037FD1]
(No symbol) [0x00F2D04D]
(No symbol) [0x00F4F6B4]
(No symbol) [0x00F4A97C]
(No symbol) [0x00F482E9]
(No symbol) [0x00F7F056]
(No symbol) [0x00F7EB2A]
(No symbol) [0x00F78386]
(No symbol) [0x00F5163C]
(No symbol) [0x00F5269D]
GetHandleVerifier [0x01349A22+2655074]
GetHandleVerifier [0x0133CA24+2601828]
GetHandleVerifier [0x01158C0A+619850]
GetHandleVerifier [0x01157830+614768]
(No symbol) [0x010405FC]
(No symbol) [0x01045968]
(No symbol) [0x01045A55]
(No symbol) [0x0105051B]
BaseThreadInitThunk [0x7715FA29+25]
RtlGetAppContainerNamedObjectPath [0x77667A9E+286]
RtlGetAppContainerNamedObjectPath [0x77667A6E+238]

at org.openqa.selenium.remote.W3CHandshakeResponse.lambda$errorHandler$0(W3CHandshakeResponse.java:62)
at org.openqa.selenium.remote.HandshakeResponse.lambda$getResponseFunction$0(HandshakeResponse.java:30)
at org.openqa.selenium.remote.ProtocolHandshake.lambda$createSession$0(ProtocolHandshake.java:126)
at java.base/java.util.stream.ReferencePipeline$3$1.accept(ReferencePipeline.java:197)
at java.base/java.util.Spliterators$ArraySpliterator.tryAdvance(Spliterators.java:1002)
at java.base/java.util.stream.ReferencePipeline.forEachWithCancel(ReferencePipeline.java:129)
at java.base/java.util.stream.AbstractPipeline.copyIntoWithCancel(AbstractPipeline.java:527)
at java.base/java.util.stream.AbstractPipeline.copyInto(AbstractPipeline.java:513)
at java.base/java.util.stream.AbstractPipeline.wrapAndCopyInto(AbstractPipeline.java:499)
at java.base/java.util.stream.FindOps$FindOp.evaluateSequential(FindOps.java:150)
at java.base/java.util.stream.AbstractPipeline.evaluate(AbstractPipeline.java:234)
at java.base/java.util.stream.ReferencePipeline.findFirst(ReferencePipeline.java:647)
at org.openqa.selenium.remote.ProtocolHandshake.createSession(ProtocolHandshake.java:128)
at org.openqa.selenium.remote.ProtocolHandshake.createSession(ProtocolHandshake.java:74)
at org.openqa.selenium.remote.HttpCommandExecutor.execute(HttpCommandExecutor.java:136)
at org.openqa.selenium.remote.service.DriverCommandExecutor.execute(DriverCommandExecutor.java:83)
at org.openqa.selenium.remote.RemoteWebDriver.execute(RemoteWebDriver.java:552)
at org.openqa.selenium.remote.RemoteWebDriver.startSession(RemoteWebDriver.java:213)
at org.openqa.selenium.remote.RemoteWebDriver.<init>(RemoteWebDriver.java:131)
at org.openqa.selenium.chrome.ChromeDriver.<init>(ChromeDriver.java:181)
at org.openqa.selenium.chrome.ChromeDriver.<init>(ChromeDriver.java:168)
at org.openqa.selenium.chrome.ChromeDriver.<init>(ChromeDriver.java:123)
at DataProviderPrac.FBRegistrationPage.verifyFbRegistrationPage(FBRegistrationPage.java:41)
at java.base/java.util.ArrayList.forEach(ArrayList.java:1511)
... Removed 32 stack frames]]>
    </failure>
  </testcase> <!-- verifyFbRegistrationPage -->
  <testcase classname="DataProviderPrac.FBRegistrationPage" name="verifyFbRegistrationPage" time="0.888">
    <failure type="org.openqa.selenium.SessionNotCreatedException" message="session not created: This version of ChromeDriver only supports Chrome version 108
Current browser version is 110.0.5481.104 with binary path C:\Program Files (x86)\Google\Chrome\Application\chrome.exe
Build info: version: &amp;apos;3.141.59&amp;apos;, revision: &amp;apos;e82be7d358&amp;apos;, time: &amp;apos;2018-11-14T08:17:03&amp;apos;
System info: host: &amp;apos;LAPTOP-JK0MPD96&amp;apos;, ip: &amp;apos;192.168.43.14&amp;apos;, os.name: &amp;apos;Windows 10&amp;apos;, os.arch: &amp;apos;amd64&amp;apos;, os.version: &amp;apos;10.0&amp;apos;, java.version: &amp;apos;17.0.5&amp;apos;
Driver info: driver.version: ChromeDriver
remote stacktrace: Backtrace:
	(No symbol) [0x010AF243]
	(No symbol) [0x01037FD1]
	(No symbol) [0x00F2D04D]
	(No symbol) [0x00F4F6B4]
	(No symbol) [0x00F4A97C]
	(No symbol) [0x00F482E9]
	(No symbol) [0x00F7F056]
	(No symbol) [0x00F7EB2A]
	(No symbol) [0x00F78386]
	(No symbol) [0x00F5163C]
	(No symbol) [0x00F5269D]
	GetHandleVerifier [0x01349A22+2655074]
	GetHandleVerifier [0x0133CA24+2601828]
	GetHandleVerifier [0x01158C0A+619850]
	GetHandleVerifier [0x01157830+614768]
	(No symbol) [0x010405FC]
	(No symbol) [0x01045968]
	(No symbol) [0x01045A55]
	(No symbol) [0x0105051B]
	BaseThreadInitThunk [0x7715FA29+25]
	RtlGetAppContainerNamedObjectPath [0x77667A9E+286]
	RtlGetAppContainerNamedObjectPath [0x77667A6E+238]
">
      <![CDATA[org.openqa.selenium.SessionNotCreatedException: session not created: This version of ChromeDriver only supports Chrome version 108
Current browser version is 110.0.5481.104 with binary path C:\Program Files (x86)\Google\Chrome\Application\chrome.exe
Build info: version: '3.141.59', revision: 'e82be7d358', time: '2018-11-14T08:17:03'
System info: host: 'LAPTOP-JK0MPD96', ip: '192.168.43.14', os.name: 'Windows 10', os.arch: 'amd64', os.version: '10.0', java.version: '17.0.5'
Driver info: driver.version: ChromeDriver
remote stacktrace: Backtrace:
(No symbol) [0x010AF243]
(No symbol) [0x01037FD1]
(No symbol) [0x00F2D04D]
(No symbol) [0x00F4F6B4]
(No symbol) [0x00F4A97C]
(No symbol) [0x00F482E9]
(No symbol) [0x00F7F056]
(No symbol) [0x00F7EB2A]
(No symbol) [0x00F78386]
(No symbol) [0x00F5163C]
(No symbol) [0x00F5269D]
GetHandleVerifier [0x01349A22+2655074]
GetHandleVerifier [0x0133CA24+2601828]
GetHandleVerifier [0x01158C0A+619850]
GetHandleVerifier [0x01157830+614768]
(No symbol) [0x010405FC]
(No symbol) [0x01045968]
(No symbol) [0x01045A55]
(No symbol) [0x0105051B]
BaseThreadInitThunk [0x7715FA29+25]
RtlGetAppContainerNamedObjectPath [0x77667A9E+286]
RtlGetAppContainerNamedObjectPath [0x77667A6E+238]

at org.openqa.selenium.remote.W3CHandshakeResponse.lambda$errorHandler$0(W3CHandshakeResponse.java:62)
at org.openqa.selenium.remote.HandshakeResponse.lambda$getResponseFunction$0(HandshakeResponse.java:30)
at org.openqa.selenium.remote.ProtocolHandshake.lambda$createSession$0(ProtocolHandshake.java:126)
at java.base/java.util.stream.ReferencePipeline$3$1.accept(ReferencePipeline.java:197)
at java.base/java.util.Spliterators$ArraySpliterator.tryAdvance(Spliterators.java:1002)
at java.base/java.util.stream.ReferencePipeline.forEachWithCancel(ReferencePipeline.java:129)
at java.base/java.util.stream.AbstractPipeline.copyIntoWithCancel(AbstractPipeline.java:527)
at java.base/java.util.stream.AbstractPipeline.copyInto(AbstractPipeline.java:513)
at java.base/java.util.stream.AbstractPipeline.wrapAndCopyInto(AbstractPipeline.java:499)
at java.base/java.util.stream.FindOps$FindOp.evaluateSequential(FindOps.java:150)
at java.base/java.util.stream.AbstractPipeline.evaluate(AbstractPipeline.java:234)
at java.base/java.util.stream.ReferencePipeline.findFirst(ReferencePipeline.java:647)
at org.openqa.selenium.remote.ProtocolHandshake.createSession(ProtocolHandshake.java:128)
at org.openqa.selenium.remote.ProtocolHandshake.createSession(ProtocolHandshake.java:74)
at org.openqa.selenium.remote.HttpCommandExecutor.execute(HttpCommandExecutor.java:136)
at org.openqa.selenium.remote.service.DriverCommandExecutor.execute(DriverCommandExecutor.java:83)
at org.openqa.selenium.remote.RemoteWebDriver.execute(RemoteWebDriver.java:552)
at org.openqa.selenium.remote.RemoteWebDriver.startSession(RemoteWebDriver.java:213)
at org.openqa.selenium.remote.RemoteWebDriver.<init>(RemoteWebDriver.java:131)
at org.openqa.selenium.chrome.ChromeDriver.<init>(ChromeDriver.java:181)
at org.openqa.selenium.chrome.ChromeDriver.<init>(ChromeDriver.java:168)
at org.openqa.selenium.chrome.ChromeDriver.<init>(ChromeDriver.java:123)
at DataProviderPrac.FBRegistrationPage.verifyFbRegistrationPage(FBRegistrationPage.java:41)
at java.base/java.util.ArrayList.forEach(ArrayList.java:1511)
... Removed 32 stack frames]]>
    </failure>
  </testcase> <!-- verifyFbRegistrationPage -->
  <testcase classname="DataProviderPrac.FBRegistrationPage" name="verifyFbRegistrationPage" time="0.737">
    <failure type="org.openqa.selenium.SessionNotCreatedException" message="session not created: This version of ChromeDriver only supports Chrome version 108
Current browser version is 110.0.5481.104 with binary path C:\Program Files (x86)\Google\Chrome\Application\chrome.exe
Build info: version: &amp;apos;3.141.59&amp;apos;, revision: &amp;apos;e82be7d358&amp;apos;, time: &amp;apos;2018-11-14T08:17:03&amp;apos;
System info: host: &amp;apos;LAPTOP-JK0MPD96&amp;apos;, ip: &amp;apos;192.168.43.14&amp;apos;, os.name: &amp;apos;Windows 10&amp;apos;, os.arch: &amp;apos;amd64&amp;apos;, os.version: &amp;apos;10.0&amp;apos;, java.version: &amp;apos;17.0.5&amp;apos;
Driver info: driver.version: ChromeDriver
remote stacktrace: Backtrace:
	(No symbol) [0x010AF243]
	(No symbol) [0x01037FD1]
	(No symbol) [0x00F2D04D]
	(No symbol) [0x00F4F6B4]
	(No symbol) [0x00F4A97C]
	(No symbol) [0x00F482E9]
	(No symbol) [0x00F7F056]
	(No symbol) [0x00F7EB2A]
	(No symbol) [0x00F78386]
	(No symbol) [0x00F5163C]
	(No symbol) [0x00F5269D]
	GetHandleVerifier [0x01349A22+2655074]
	GetHandleVerifier [0x0133CA24+2601828]
	GetHandleVerifier [0x01158C0A+619850]
	GetHandleVerifier [0x01157830+614768]
	(No symbol) [0x010405FC]
	(No symbol) [0x01045968]
	(No symbol) [0x01045A55]
	(No symbol) [0x0105051B]
	BaseThreadInitThunk [0x7715FA29+25]
	RtlGetAppContainerNamedObjectPath [0x77667A9E+286]
	RtlGetAppContainerNamedObjectPath [0x77667A6E+238]
">
      <![CDATA[org.openqa.selenium.SessionNotCreatedException: session not created: This version of ChromeDriver only supports Chrome version 108
Current browser version is 110.0.5481.104 with binary path C:\Program Files (x86)\Google\Chrome\Application\chrome.exe
Build info: version: '3.141.59', revision: 'e82be7d358', time: '2018-11-14T08:17:03'
System info: host: 'LAPTOP-JK0MPD96', ip: '192.168.43.14', os.name: 'Windows 10', os.arch: 'amd64', os.version: '10.0', java.version: '17.0.5'
Driver info: driver.version: ChromeDriver
remote stacktrace: Backtrace:
(No symbol) [0x010AF243]
(No symbol) [0x01037FD1]
(No symbol) [0x00F2D04D]
(No symbol) [0x00F4F6B4]
(No symbol) [0x00F4A97C]
(No symbol) [0x00F482E9]
(No symbol) [0x00F7F056]
(No symbol) [0x00F7EB2A]
(No symbol) [0x00F78386]
(No symbol) [0x00F5163C]
(No symbol) [0x00F5269D]
GetHandleVerifier [0x01349A22+2655074]
GetHandleVerifier [0x0133CA24+2601828]
GetHandleVerifier [0x01158C0A+619850]
GetHandleVerifier [0x01157830+614768]
(No symbol) [0x010405FC]
(No symbol) [0x01045968]
(No symbol) [0x01045A55]
(No symbol) [0x0105051B]
BaseThreadInitThunk [0x7715FA29+25]
RtlGetAppContainerNamedObjectPath [0x77667A9E+286]
RtlGetAppContainerNamedObjectPath [0x77667A6E+238]

at org.openqa.selenium.remote.W3CHandshakeResponse.lambda$errorHandler$0(W3CHandshakeResponse.java:62)
at org.openqa.selenium.remote.HandshakeResponse.lambda$getResponseFunction$0(HandshakeResponse.java:30)
at org.openqa.selenium.remote.ProtocolHandshake.lambda$createSession$0(ProtocolHandshake.java:126)
at java.base/java.util.stream.ReferencePipeline$3$1.accept(ReferencePipeline.java:197)
at java.base/java.util.Spliterators$ArraySpliterator.tryAdvance(Spliterators.java:1002)
at java.base/java.util.stream.ReferencePipeline.forEachWithCancel(ReferencePipeline.java:129)
at java.base/java.util.stream.AbstractPipeline.copyIntoWithCancel(AbstractPipeline.java:527)
at java.base/java.util.stream.AbstractPipeline.copyInto(AbstractPipeline.java:513)
at java.base/java.util.stream.AbstractPipeline.wrapAndCopyInto(AbstractPipeline.java:499)
at java.base/java.util.stream.FindOps$FindOp.evaluateSequential(FindOps.java:150)
at java.base/java.util.stream.AbstractPipeline.evaluate(AbstractPipeline.java:234)
at java.base/java.util.stream.ReferencePipeline.findFirst(ReferencePipeline.java:647)
at org.openqa.selenium.remote.ProtocolHandshake.createSession(ProtocolHandshake.java:128)
at org.openqa.selenium.remote.ProtocolHandshake.createSession(ProtocolHandshake.java:74)
at org.openqa.selenium.remote.HttpCommandExecutor.execute(HttpCommandExecutor.java:136)
at org.openqa.selenium.remote.service.DriverCommandExecutor.execute(DriverCommandExecutor.java:83)
at org.openqa.selenium.remote.RemoteWebDriver.execute(RemoteWebDriver.java:552)
at org.openqa.selenium.remote.RemoteWebDriver.startSession(RemoteWebDriver.java:213)
at org.openqa.selenium.remote.RemoteWebDriver.<init>(RemoteWebDriver.java:131)
at org.openqa.selenium.chrome.ChromeDriver.<init>(ChromeDriver.java:181)
at org.openqa.selenium.chrome.ChromeDriver.<init>(ChromeDriver.java:168)
at org.openqa.selenium.chrome.ChromeDriver.<init>(ChromeDriver.java:123)
at DataProviderPrac.FBRegistrationPage.verifyFbRegistrationPage(FBRegistrationPage.java:41)
at java.base/java.util.ArrayList.forEach(ArrayList.java:1511)
... Removed 32 stack frames]]>
    </failure>
  </testcase> <!-- verifyFbRegistrationPage -->
</testsuite> <!-- Test -->
