<?xml version="1.0" encoding="UTF-8"?>
<!-- Generated by org.testng.reporters.JUnitXMLReporter -->
<testsuite ignored="0" hostname="LAPTOP-JK0MPD96" failures="2" tests="2" name="Test" time="24.537" errors="0" timestamp="2022-12-09T12:53:34 IST">
  <testcase classname="AllClasses.FBRegistrationTest" name="FacebookRegistrationPageTest" time="1.234">
    <failure type="java.lang.AssertionError" message="expected [30] but found [31]">
      <![CDATA[java.lang.AssertionError: expected [30] but found [31]
at AllClasses.FBRegistrationPage.verifyFooterLinks(FBRegistrationPage.java:100)
at AllClasses.FBRegistrationTest.FacebookRegistrationPageTest(FBRegistrationTest.java:44)
at java.base/java.util.ArrayList.forEach(ArrayList.java:1511)
... Removed 33 stack frames]]>
    </failure>
  </testcase> <!-- FacebookRegistrationPageTest -->
  <testcase classname="AllClasses.FBLoginTest" name="FBLoginPageTest" time="0.298">
    <failure type="java.lang.AssertionError" message="expected [31] but found [1]">
      <![CDATA[java.lang.AssertionError: expected [31] but found [1]
at AllClasses.FBLoginPage.verifyFooterLinks(FBLoginPage.java:52)
at AllClasses.FBLoginTest.FBLoginPageTest(FBLoginTest.java:36)
at java.base/java.util.ArrayList.forEach(ArrayList.java:1511)
... Removed 33 stack frames]]>
    </failure>
  </testcase> <!-- FBLoginPageTest -->
</testsuite> <!-- Test -->
